{"name": "test_tc2", "status": "failed", "statusDetails": {"message": "AssertionError: assert (1 + 1) == 3", "trace": "@pytest.mark.smoke\n    def test_tc2():\n>       assert 1 + 1 == 3\nE       assert (1 + 1) == 3\n\nsrc\\Oct\\test_RestfullBookerCollections.py:20: AssertionError"}, "start": 1728453897493, "stop": 1728453897493, "uuid": "8206de6f-6a22-4a30-a3c1-2d8d71ee0a48", "historyId": "cce9d91c82a60d6cb98db48889d08941", "testCaseId": "cce9d91c82a60d6cb98db48889d08941", "fullName": "src.Oct.test_RestfullBookerCollections#test_tc2", "labels": [{"name": "tag", "value": "smoke"}, {"name": "parentSuite", "value": "src.Oct"}, {"name": "suite", "value": "test_RestfullBookerCollections"}, {"name": "host", "value": "RAGUL"}, {"name": "thread", "value": "22216-MainThread"}, {"name": "framework", "value": "pytest"}, {"name": "language", "value": "cpython3"}, {"name": "package", "value": "src.Oct.test_RestfullBookerCollections"}]}